<?xml version="1.0" encoding="UTF-8"?>
<testsuite name="com.amazon.testTheHomePage" tests="1" skipped="0" failures="0" errors="0" timestamp="2018-12-12T21:05:33" hostname="LAPTOP-LCO4KE4N" time="90.895">
  <properties/>
  <testcase name="SAPSuccessFactorsCreateNewEmployeeViaBrowserStack" classname="com.amazon.testTheHomePage" time="90.895"/>
  <system-out><![CDATA[***typed the search item
***clicked on the search button
***closed down browser, Test finished Successfully 
]]></system-out>
  <system-err><![CDATA[Dec 13, 2018 10:05:38 AM org.openqa.selenium.remote.ProtocolHandshake createSession
INFO: Detected dialect: OSS
]]></system-err>
</testsuite>
